<?xml version="1.0" encoding="UTF-8"?>
<testng-results ignored="0" total="1" passed="1" failed="0" skipped="0">
  <reporter-output>
  </reporter-output>
  <suite started-at="2025-04-25T15:27:34 COT" name="Default suite" finished-at="2025-04-25T15:28:34 COT" duration-ms="59769">
    <groups>
    </groups>
    <test started-at="2025-04-25T15:27:34 COT" name="Default test" finished-at="2025-04-25T15:28:34 COT" duration-ms="59769">
      <class name="PackThomas.CheckLinkThomas">
        <test-method is-config="true" signature="beforeClass()[pri:0, instance:PackThomas.CheckLinkThomas@36fc695d]" started-at="2025-04-25T15:27:34 COT" name="beforeClass" finished-at="2025-04-25T15:28:00 COT" duration-ms="25638" status="PASS">
          <reporter-output>
          </reporter-output>
        </test-method> <!-- beforeClass -->
        <test-method signature="f()[pri:0, instance:PackThomas.CheckLinkThomas@36fc695d]" started-at="2025-04-25T15:28:00 COT" name="f" finished-at="2025-04-25T15:28:32 COT" duration-ms="31292" status="PASS">
          <reporter-output>
          </reporter-output>
        </test-method> <!-- f -->
        <test-method is-config="true" signature="afterClass()[pri:0, instance:PackThomas.CheckLinkThomas@36fc695d]" started-at="2025-04-25T15:28:32 COT" name="afterClass" finished-at="2025-04-25T15:28:34 COT" duration-ms="2561" status="PASS">
          <reporter-output>
          </reporter-output>
        </test-method> <!-- afterClass -->
      </class> <!-- PackThomas.CheckLinkThomas -->
    </test> <!-- Default test -->
  </suite> <!-- Default suite -->
</testng-results>
